make all --print-data-base --no-builtin-variables --no-builtin-rules --question
# GNU Make 3.81
# Copyright (C) 2006  Free Software Foundation, Inc.
# This is free software; see the source for copying conditions.
# There is NO warranty; not even for MERCHANTABILITY or FITNESS FOR A
# PARTICULAR PURPOSE.

# This program built for i386-apple-darwin11.3.0
 

# Make data base, printed on Sun Jun 19 16:45:40 2022

# Variables

# automatic
<D = $(patsubst %/,%,$(dir $<))
# automatic
?F = $(notdir $?)
# environment
 
VSCODE_LOG_NATIVE = false
# automatic
?D = $(patsubst %/,%,$(dir $?))
# automatic
@D = $(patsubst %/,%,$(dir $@))
# automatic
@F = $(notdir $@)
# makefile
CURDIR := /Users/phateme/Desktop/University/Advanced Programming/project 7/phase3
# makefile
SHELL = /bin/sh
# environment
VSCODE_NLS_CONFIG = {"locale":"en-us","availableLanguages":{},"_languagePackSupport":true}
# environment
_ = /usr/bin/make
# makefile (from `makefile', line 1)
MAKEFILE_LIST :=  makefile
# environment
VSCODE_VERBOSE_LOGGING = true
# environment
__CFBundleIdentifier = com.microsoft.VSCode
# environment
INFOPATH = /opt/homebrew/share/info:
# environment
VSCODE_IPC_HOOK_EXTHOST = /var/folders/q2/f903sqhx2x111k92n1m9s0tr0000gn/T/vscode-ipc-85e2aecf-cdf1-43bc-b800-e71f9d4b1eca.sock
# environment
VSCODE_CWD = /
# environment
PATH = /Users/phateme/opt/anaconda3/bin:/Users/phateme/opt/anaconda3/condabin:/Library/Frameworks/Python.framework/Versions/3.10/bin:/opt/homebrew/bin:/opt/homebrew/sbin:/usr/local/bin:/usr/bin:/bin:/usr/sbin:/sbin:/usr/local/share/dotnet:~/.dotnet/tools:/Library/Frameworks/Mono.framework/Versions/Current/Commands
# makefile (from `makefile', line 3)
CF = $(STD)
# environment
VSCODE_LOG_STACK = false
# environment
ELECTRON_RUN_AS_NODE = 1
# default
.FEATURES := target-specific order-only second-expansion else-if archives jobserver check-symlink
# environment
SSH_AUTH_SOCK = /private/tmp/com.apple.launchd.M17sVBzcHt/Listeners
# automatic
%F = $(notdir $%)
# environment
CONDA_EXE = /Users/phateme/opt/anaconda3/bin/conda
# environment
VSCODE_PIPE_LOGGING = true
# environment
PWD = /Users/phateme/Desktop/University/Advanced Programming/project 7/phase3
# environment
HOMEBREW_CELLAR = /opt/homebrew/Cellar
# environment
ORIGINAL_XDG_CURRENT_DESKTOP = undefined
# environment
MANPATH = /opt/homebrew/share/man::
# environment
VSCODE_AMD_ENTRYPOINT = vs/workbench/api/node/extensionHostProcess
# environment
HOME = /Users/phateme
# default
MAKEFILEPATH = $(shell /usr/bin/xcode-select -print-path 2>/dev/null || echo /Developer)/Makefiles
# environment
VSCODE_CODE_CACHE_PATH = /Users/phateme/Library/Application Support/Code/CachedData/30d9c6cd9483b2cc586687151bcbcd635f373630
# environment
LOGNAME = phateme
# environment
APPLICATION_INSIGHTS_NO_DIAGNOSTIC_CHANNEL = 1
# environment
CONDA_PROMPT_MODIFIER = (base) 
# environment
VSCODE_HANDLES_UNCAUGHT_ERRORS = true
# automatic
^D = $(patsubst %/,%,$(dir $^))
# environment
CONDA_DEFAULT_ENV = base
# environment
XPC_FLAGS = 0x0
# default
MAKE = $(MAKE_COMMAND)
# default
MAKECMDGOALS := all
# environment
SHLVL = 1
# makefile (from `makefile', line 1)
CC = g++
# makefile (from `makefile', line 4)
BUILD_DIR = build
# default
MAKE_VERSION := 3.81
# environment
USER = phateme
# makefile
.DEFAULT_GOAL := all
# automatic
%D = $(patsubst %/,%,$(dir $%))
# environment
CONDA_SHLVL = 1
# default
MAKE_COMMAND := /Library/Developer/CommandLineTools/usr/bin/make
# makefile (from `makefile', line 2)
STD = -std=c++11 -Wall -pedantic
# default
.VARIABLES := 
# environment
TMPDIR = /var/folders/q2/f903sqhx2x111k92n1m9s0tr0000gn/T/
# automatic
*F = $(notdir $*)
# environment
VSCODE_IPC_HOOK = /Users/phateme/Library/Application Support/Code/1.68.1-main.sock
# makefile
MAKEFLAGS = Rrqp
# environment
MFLAGS = -Rrqp
# automatic
*D = $(patsubst %/,%,$(dir $*))
# environment
XPC_SERVICE_NAME = application.com.microsoft.VSCode.24504992.24504998
# environment
HOMEBREW_PREFIX = /opt/homebrew
# automatic
+D = $(patsubst %/,%,$(dir $+))
# automatic
 
+F = $(notdir $+)
# environment
HOMEBREW_REPOSITORY = /opt/homebrew
# environment
__CF_USER_TEXT_ENCODING = 0x1F5:0x0:0x0
# environment
COMMAND_MODE = unix2003
# default
MAKEFILES := 
# automatic
<F = $(notdir $<)
# makefile (from `makefile', line 5)
TEMPLATE_DIR = .template
# environment
LC_ALL = C
# environment
CONDA_PYTHON_EXE = /Users/phateme/opt/anaconda3/bin/python
# automatic
^F = $(notdir $^)
# default
SUFFIXES := 
# environment
_CE_M = 
# environment
MAKELEVEL := 0
# environment
CONDA_PREFIX = /Users/phateme/opt/anaconda3
# environment
VSCODE_PID = 7193
# environment
_CE_CONDA = 
# environment
LANG = C
# variable set hash-table stats:
# Load=79/1024=8%, Rehash=0, Collisions=3/146=2%

# Pattern-specific Variable Values

# No pattern-specific variable values.

# Directories

# . (device 16777230, inode 23981415): 11 files, no impossibilities.

# 11 files, no impossibilities in 1 directories.

# Implicit Rules

# No implicit rules.

# Files

build/Driver.o: utaxi/Driver.hpp utaxi/User.hpp utaxi/Driver.cpp
#  Implicit rule search has not been done.
#  Last modified 2022-06-19 15:58:39
#  File has been updated.
#  Successfully updated.
# variable set hash-table stats:
# Load=0/32=0%, Rehash=0, Collisions=0/0=0%
#  commands to execute (from `makefile', line 43):
	$(CC) $(CF) -c utaxi/Driver.cpp -o $(BUILD_DIR)/Driver.o
	

# Not a target:
utaxi/IOHandler.hpp:
#  Implicit rule search has been done.
#  Last modified 2022-06-19 15:41:30
#  File has been updated.
#  Successfully updated.
# variable set hash-table stats:
# Load=0/32=0%, Rehash=0, Collisions=0/0=0%

build/GetRequest.o: utaxi/GetRequest.hpp utaxi/CLRequest.hpp utaxi/GetRequest.cpp
#  Implicit rule search has not been done.
#  Last modified 2022-06-19 15:56:47
#  File has been updated.
#  Successfully updated.
# variable set hash-table stats:
# Load=0/32=0%, Rehash=0, Collisions=0/0=0%
#  commands to execute (from `makefile', line 49):
	$(CC) $(CF) -c utaxi/GetRequest.cpp -o $(BUILD_DIR)/GetRequest.o
	

build/PostRequest.o: utaxi/PostRequest.hpp utaxi/CLRequest.hpp utaxi/PostRequest.cpp
#  Implicit rule search has not been done.
#  Last modified 2022-06-19 15:56:47
#  File has been updated.
#  Successfully updated.
# variable set hash-table stats:
# Load=0/32=0%, Rehash=0, Collisions=0/0=0%
#  commands to execute (from `makefile', line 61):
	$(CC) $(CF) -c utaxi/PostRequest.cpp -o $(BUILD_DIR)/PostRequest.o
	

# Not a target:
utils/request.cpp:
#  Implicit rule search has been done.
#  Last modified 2019-05-26 08:06:08
#  File has been updated.
#  Successfully updated.
# variable set hash-table stats:
# Load=0/32=0%, Rehash=0, Collisions=0/0=0%

build/main.o: utaxi/main.cpp server/server.hpp utils/utilities.hpp utils/response.hpp utils/request.hpp utils/include.hpp utaxi/UTaxi.hpp utaxi/Handlers.hpp
#  Implicit rule search has not been done.
#  Last modified 2022-06-19 16:40:42
#  File has been updated.
#  Successfully updated.
# variable set hash-table stats:
# Load=0/32=0%, Rehash=0, Collisions=0/0=0%
#  commands to execute (from `makefile', line 34):
	$(CC) $(CF) -c utaxi/main.cpp -o $(BUILD_DIR)/main.o
	

build/request.o: utils/request.cpp utils/request.hpp utils/include.hpp utils/utilities.hpp
#  Implicit rule search has not been done.
#  Last modified 2022-06-15 15:25:47
#  File has been updated.
#  Successfully updated.
# variable set hash-table stats:
# Load=0/32=0%, Rehash=0, Collisions=0/0=0%
#  commands to execute (from `makefile', line 19):
	$(CC) $(CF) -c utils/request.cpp -o $(BUILD_DIR)/request.o
	

# Not a target:
utaxi/User.cpp:
#  Implicit rule search has been done.
#  Last modified 2022-06-19 15:58:36
#  File has been updated.
#  Successfully updated.
# variable set hash-table stats:
# Load=0/32=0%, Rehash=0, Collisions=0/0=0%

all: build utaxi.out
#  Command-line target.
#  Implicit rule search has been done.
#  File does not exist.
#  File has been updated.
#  Successfully updated.
# variable set hash-table stats:
# Load=0/32=0%, Rehash=0, Collisions=0/0=0%

# Not a target:
 
server/route.hpp:
#  Implicit rule search has been done.
#  Last modified 2019-05-26 08:06:08
#  File has been updated.
#  Successfully updated.
# variable set hash-table stats:
# Load=0/32=0%, Rehash=0, Collisions=0/0=0%

.PHONY: clean
#  Implicit rule search has not been done.
#  Modification time never checked.
#  File has not been updated.

# Not a target:
utaxi/Trip.cpp:
#  Implicit rule search has been done.
#  Last modified 2022-06-19 15:57:40
#  File has been updated.
#  Successfully updated.
# variable set hash-table stats:
# Load=0/32=0%, Rehash=0, Collisions=0/0=0%

build/Passenger.o: utaxi/Passenger.hpp utaxi/User.hpp utaxi/Passenger.cpp
#  Implicit rule search has not been done.
#  Last modified 2022-06-19 15:58:39
#  File has been updated.
#  Successfully updated.
# variable set hash-table stats:
# Load=0/32=0%, Rehash=0, Collisions=0/0=0%
#  commands to execute (from `makefile', line 58):
	$(CC) $(CF) -c utaxi/Passenger.cpp -o $(BUILD_DIR)/Passenger.o
	

# Not a target:
utaxi/CLRequest.cpp:
#  Implicit rule search has been done.
#  Last modified 2022-06-09 07:09:28
#  File has been updated.
#  Successfully updated.
# variable set hash-table stats:
# Load=0/32=0%, Rehash=0, Collisions=0/0=0%

# Not a target:
utils/include.hpp:
#  Implicit rule search has been done.
#  Last modified 2019-05-26 08:06:08
#  File has been updated.
#  Successfully updated.
# variable set hash-table stats:
# Load=0/32=0%, Rehash=0, Collisions=0/0=0%

# Not a target:
utaxi/UTaxi.cpp:
#  Implicit rule search has been done.
#  Last modified 2022-06-19 15:42:30
#  File has been updated.
#  Successfully updated.
# variable set hash-table stats:
# Load=0/32=0%, Rehash=0, Collisions=0/0=0%

# Not a target:
utils/request.hpp:
#  Implicit rule search has been done.
#  Last modified 2019-05-26 08:06:08
#  File has been updated.
#  Successfully updated.
# variable set hash-table stats:
# Load=0/32=0%, Rehash=0, Collisions=0/0=0%

build/IOHandler.o: utaxi/IOHandler.hpp utaxi/Database.hpp utaxi/Error.hpp utaxi/IOHandler.cpp
#  Implicit rule search has not been done.
#  Last modified 2022-06-19 15:56:47
#  File has been updated.
#  Successfully updated.
# variable set hash-table stats:
# Load=0/32=0%, Rehash=0, Collisions=0/0=0%
#  commands to execute (from `makefile', line 52):
	$(CC) $(CF) -c utaxi/IOHandler.cpp -o $(BUILD_DIR)/IOHandler.o
	

# Not a target:
utaxi/User.hpp:
#  Implicit rule search has been done.
#  Last modified 2022-06-19 15:58:38
#  File has been updated.
#  Successfully updated.
# variable set hash-table stats:
# Load=0/32=0%, Rehash=0, Collisions=0/0=0%

# Not a target:
utaxi/Handlers.cpp:
#  Implicit rule search has been done.
#  Last modified 2022-06-19 15:59:00
#  File has been updated.
#  Successfully updated.
# variable set hash-table stats:
# Load=0/32=0%, Rehash=0, Collisions=0/0=0%

# Not a target:
.SUFFIXES:
#  Implicit rule search has not been done.
#  Modification time never checked.
#  File has not been updated.

# Not a target:
utaxi/Trip.hpp:
#  Implicit rule search has been done.
#  Last modified 2022-06-19 15:57:47
#  File has been updated.
#  Successfully updated.
# variable set hash-table stats:
# Load=0/32=0%, Rehash=0, Collisions=0/0=0%

# Not a target:
utaxi/CLRequest.hpp:
#  Implicit rule search has been done.
#  Last modified 2022-06-09 07:15:56
#  File has been updated.
#  Successfully updated.
# variable set hash-table stats:
# Load=0/32=0%, Rehash=0, Collisions=0/0=0%

# Not a target:
utaxi/UTaxi.hpp:
#  Implicit rule search has been done.
#  Last modified 2022-06-19 15:42:42
#  File has been updated.
#  Successfully updated.
# variable set hash-table stats:
# Load=0/32=0%, Rehash=0, Collisions=0/0=0%

# Not a target:
makefile:
#  Implicit rule search has been done.
 
#  Last modified 2022-06-15 11:47:04
#  File has been updated.
#  Successfully updated.
# variable set hash-table stats:
# Load=0/32=0%, Rehash=0, Collisions=0/0=0%

# Not a target:
utaxi/DeleteRequest.cpp:
#  Implicit rule search has been done.
#  Last modified 2022-06-19 15:39:31
#  File has been updated.
#  Successfully updated.
# variable set hash-table stats:
# Load=0/32=0%, Rehash=0, Collisions=0/0=0%

build:
#  Implicit rule search has not been done.
#  Last modified 2022-06-19 16:40:42
#  File has been updated.
#  Successfully updated.
#  commands to execute (from `makefile', line 10):
	mkdir -p $(BUILD_DIR)
	

# Not a target:
utils/utilities.cpp:
#  Implicit rule search has been done.
#  Last modified 2019-05-26 08:06:08
#  File has been updated.
#  Successfully updated.
# variable set hash-table stats:
# Load=0/32=0%, Rehash=0, Collisions=0/0=0%

build/utilities.o: utils/utilities.cpp utils/utilities.hpp
#  Implicit rule search has not been done.
#  Last modified 2022-06-15 15:25:47
#  File has been updated.
#  Successfully updated.
# variable set hash-table stats:
# Load=0/32=0%, Rehash=0, Collisions=0/0=0%
#  commands to execute (from `makefile', line 22):
	$(CC) $(CF) -c utils/utilities.cpp -o $(BUILD_DIR)/utilities.o
	

# Not a target:
utaxi/Handlers.hpp:
#  Implicit rule search has been done.
#  Last modified 2022-06-18 19:22:28
#  File has been updated.
#  Successfully updated.
# variable set hash-table stats:
# Load=0/32=0%, Rehash=0, Collisions=0/0=0%

# Not a target:
server/server.cpp:
#  Implicit rule search has been done.
#  Last modified 2022-06-10 08:46:30
#  File has been updated.
#  Successfully updated.
# variable set hash-table stats:
# Load=0/32=0%, Rehash=0, Collisions=0/0=0%

# Not a target:
utils/response.cpp:
#  Implicit rule search has been done.
#  Last modified 2019-05-26 08:06:08
#  File has been updated.
#  Successfully updated.
# variable set hash-table stats:
# Load=0/32=0%, Rehash=0, Collisions=0/0=0%

build/response.o: utils/response.cpp utils/response.hpp utils/include.hpp
#  Implicit rule search has not been done.
#  Last modified 2022-06-15 15:25:47
#  File has been updated.
#  Successfully updated.
# variable set hash-table stats:
# Load=0/32=0%, Rehash=0, Collisions=0/0=0%
#  commands to execute (from `makefile', line 16):
	$(CC) $(CF) -c utils/response.cpp -o $(BUILD_DIR)/response.o
	

build/route.o: server/route.cpp server/route.hpp utils/utilities.hpp utils/response.hpp utils/request.hpp utils/include.hpp
#  Implicit rule search has not been done.
#  Last modified 2022-06-15 15:25:48
#  File has been updated.
#  Successfully updated.
# variable set hash-table stats:
# Load=0/32=0%, Rehash=0, Collisions=0/0=0%
#  commands to execute (from `makefile', line 28):
	$(CC) $(CF) -c server/route.cpp -o $(BUILD_DIR)/route.o
	

build/User.o: utaxi/User.hpp utaxi/User.cpp
#  Implicit rule search has not been done.
#  Last modified 2022-06-19 15:58:40
#  File has been updated.
#  Successfully updated.
# variable set hash-table stats:
# Load=0/32=0%, Rehash=0, Collisions=0/0=0%
#  commands to execute (from `makefile', line 70):
	$(CC) $(CF) -c utaxi/User.cpp -o $(BUILD_DIR)/User.o
	

# Not a target:
utaxi/DeleteRequest.hpp:
#  Implicit rule search has been done.
#  Last modified 2022-06-19 15:39:39
#  File has been updated.
#  Successfully updated.
# variable set hash-table stats:
 
# Load=0/32=0%, Rehash=0, Collisions=0/0=0%

# Not a target:
utils/utilities.hpp:
#  Implicit rule search has been done.
#  Last modified 2019-05-26 08:06:08
#  File has been updated.
#  Successfully updated.
# variable set hash-table stats:
# Load=0/32=0%, Rehash=0, Collisions=0/0=0%

# Not a target:
utaxi/Database.cpp:
#  Implicit rule search has been done.
#  Last modified 2022-05-31 03:21:30
#  File has been updated.
#  Successfully updated.
# variable set hash-table stats:
# Load=0/32=0%, Rehash=0, Collisions=0/0=0%

build/Trip.o: utaxi/Trip.hpp utaxi/Location.hpp utaxi/Trip.cpp
#  Implicit rule search has not been done.
#  Last modified 2022-06-19 15:58:18
#  File has been updated.
#  Successfully updated.
# variable set hash-table stats:
# Load=0/32=0%, Rehash=0, Collisions=0/0=0%
#  commands to execute (from `makefile', line 67):
	$(CC) $(CF) -c utaxi/Trip.cpp -o $(BUILD_DIR)/Trip.o
	

build/CLRequest.o: utaxi/CLRequest.hpp utaxi/Location.hpp utaxi/Database.hpp utaxi/User.hpp utaxi/Driver.hpp utaxi/Passenger.hpp utaxi/IOHandler.hpp utaxi/CLRequest.cpp
#  Implicit rule search has not been done.
#  Last modified 2022-06-19 15:58:40
#  File has been updated.
#  Successfully updated.
# variable set hash-table stats:
# Load=0/32=0%, Rehash=0, Collisions=0/0=0%
#  commands to execute (from `makefile', line 64):
	$(CC) $(CF) -c utaxi/CLRequest.cpp -o $(BUILD_DIR)/CLRequest.o
	

build/UTaxi.o: utaxi/UTaxi.hpp utaxi/Database.hpp utaxi/Error.hpp utaxi/IOHandler.hpp utaxi/CLRequest.hpp utaxi/GetRequest.hpp utaxi/PostRequest.hpp utaxi/DeleteRequest.hpp utaxi/UTaxi.cpp
#  Implicit rule search has not been done.
#  Last modified 2022-06-19 15:56:48
#  File has been updated.
#  Successfully updated.
# variable set hash-table stats:
# Load=0/32=0%, Rehash=0, Collisions=0/0=0%
#  commands to execute (from `makefile', line 73):
	$(CC) $(CF) -c utaxi/UTaxi.cpp -o $(BUILD_DIR)/UTaxi.o
	

# Not a target:
server/server.hpp:
#  Implicit rule search has been done.
#  Last modified 2022-06-12 09:46:02
#  File has been updated.
#  Successfully updated.
# variable set hash-table stats:
# Load=0/32=0%, Rehash=0, Collisions=0/0=0%

# Not a target:
utils/response.hpp:
#  Implicit rule search has been done.
#  Last modified 2019-05-26 08:06:08
#  File has been updated.
#  Successfully updated.
# variable set hash-table stats:
# Load=0/32=0%, Rehash=0, Collisions=0/0=0%

# Not a target:
.DEFAULT:
#  Implicit rule search has not been done.
#  Modification time never checked.
#  File has not been updated.

# Not a target:
utaxi/Error.cpp:
#  Implicit rule search has been done.
#  Last modified 2022-05-24 02:07:34
#  File has been updated.
#  Successfully updated.
# variable set hash-table stats:
# Load=0/32=0%, Rehash=0, Collisions=0/0=0%

# Not a target:
utaxi/Driver.cpp:
#  Implicit rule search has been done.
#  Last modified 2022-05-31 09:39:44
#  File has been updated.
#  Successfully updated.
# variable set hash-table stats:
 
# Load=0/32=0%, Rehash=0, Collisions=0/0=0%

build/Handlers.o: utaxi/Handlers.cpp utaxi/UTaxi.hpp utaxi/ErrorsMap.hpp server/server.hpp utils/utilities.hpp utils/response.hpp utils/request.hpp utils/include.hpp
#  Implicit rule search has not been done.
#  Last modified 2022-06-19 16:01:52
#  File has been updated.
#  Successfully updated.
# variable set hash-table stats:
# Load=0/32=0%, Rehash=0, Collisions=0/0=0%
#  commands to execute (from `makefile', line 31):
	$(CC) $(CF) -c utaxi/Handlers.cpp -o $(BUILD_DIR)/Handlers.o
	

# Not a target:
utaxi/GetRequest.cpp:
#  Implicit rule search has been done.
#  Last modified 2022-06-19 15:40:11
#  File has been updated.
#  Successfully updated.
# variable set hash-table stats:
# Load=0/32=0%, Rehash=0, Collisions=0/0=0%

# Not a target:
utaxi/Database.hpp:
#  Implicit rule search has been done.
#  Last modified 2022-06-12 09:39:32
#  File has been updated.
#  Successfully updated.
# variable set hash-table stats:
# Load=0/32=0%, Rehash=0, Collisions=0/0=0%

# Not a target:
utaxi/PostRequest.cpp:
#  Implicit rule search has been done.
#  Last modified 2022-06-19 15:41:53
#  File has been updated.
#  Successfully updated.
# variable set hash-table stats:
# Load=0/32=0%, Rehash=0, Collisions=0/0=0%

clean:
#  Phony target (prerequisite of .PHONY).
#  Implicit rule search has not been done.
#  File does not exist.
#  File has not been updated.
#  commands to execute (from `makefile', line 80):
	rm -rf $(BUILD_DIR) $(TEMPLATE_DIR) *.o *.out &> /dev/null
	

# Not a target:
utaxi/main.cpp:
#  Implicit rule search has been done.
#  Last modified 2022-06-19 16:40:33
#  File has been updated.
#  Successfully updated.
# variable set hash-table stats:
# Load=0/32=0%, Rehash=0, Collisions=0/0=0%

# Not a target:
utaxi/Location.hpp:
#  Implicit rule search has been done.
#  Last modified 2022-05-29 02:01:06
#  File has been updated.
#  Successfully updated.
# variable set hash-table stats:
# Load=0/32=0%, Rehash=0, Collisions=0/0=0%

utaxi.out: build/main.o build/Handlers.o build/Database.o build/DeleteRequest.o build/Driver.o build/Error.o build/GetRequest.o build/IOHandler.o build/Location.o build/Passenger.o build/PostRequest.o build/CLRequest.o build/Trip.o build/User.o build/UTaxi.o build/response.o build/request.o build/utilities.o build/server.o build/route.o build/template_parser.o
#  Implicit rule search has not been done.
#  Last modified 2022-06-19 16:40:42
#  File has been updated.
#  Successfully updated.
# variable set hash-table stats:
# Load=0/32=0%, Rehash=0, Collisions=0/0=0%
#  commands to execute (from `makefile', line 76):
	$(CC) $(CF) $(BUILD_DIR)/main.o $(BUILD_DIR)/Database.o $(BUILD_DIR)/Handlers.o $(BUILD_DIR)/DeleteRequest.o $(BUILD_DIR)/Driver.o $(BUILD_DIR)/Error.o $(BUILD_DIR)/GetRequest.o $(BUILD_DIR)/IOHandler.o $(BUILD_DIR)/Location.o $(BUILD_DIR)/Passenger.o $(BUILD_DIR)/PostRequest.o $(BUILD_DIR)/CLRequest.o $(BUILD_DIR)/Trip.o $(BUILD_DIR)/User.o $(BUILD_DIR)/UTaxi.o $(BUILD_DIR)/response.o $(BUILD_DIR)/request.o $(BUILD_DIR)/utilities.o $(BUILD_DIR)/server.o $(BUILD_DIR)/route.o $(BUILD_DIR)/template_parser.o  -o utaxi.out
	

build/DeleteRequest.o: utaxi/DeleteRequest.hpp utaxi/CLRequest.hpp utaxi/DeleteRequest.cpp
#  Implicit rule search has not been done.
#  Last modified 2022-06-19 15:56:46
#  File has been updated.
#  Successfully updated.
# variable set hash-table stats:
# Load=0/32=0%, Rehash=0, Collisions=0/0=0%
#  commands to execute (from `makefile', line 40):
	$(CC) $(CF) -c utaxi/DeleteRequest.cpp -o $(BUILD_DIR)/DeleteRequest.o
	

# Not a target:
utils/template_parser.cpp:
#  Implicit rule search has been done.
#  Last modified 2019-05-26 08:06:08
#  File has been updated.
#  Successfully updated.
# variable set hash-table stats:
# Load=0/32=0%, Rehash=0, Collisions=0/0=0%

# Not a target:
utaxi/Error.hpp:
#  Implicit rule search has been done.
#  Last modified 2022-05-24 02:07:12
#  File has been updated.
#  Successfully updated.
# variable set hash-table stats:
# Load=0/32=0%, Rehash=0, Collisions=0/0=0%

build/template_parser.o: utils/template_parser.cpp utils/template_parser.hpp utils/request.cpp utils/request.hpp utils/utilities.hpp utils/utilities.cpp
#  Implicit rule search has not been done.
#  Last modified 2022-06-15 15:25:48
#  File has been updated.
#  Successfully updated.
#  commands to execute (from `makefile', line 13):
	$(CC) $(CF) -c utils/template_parser.cpp -o $(BUILD_DIR)/template_parser.o
	

# Not a target:
server/route.cpp:
#  Implicit rule search has been done.
#  Last modified 2019-05-26 08:06:08
#  File has been updated.
#  Successfully updated.
# variable set hash-table stats:
# Load=0/32=0%, Rehash=0, Collisions=0/0=0%

# Not a target:
utaxi/Driver.hpp:
#  Implicit rule search has been done.
#  Last modified 2022-05-22 01:15:30
#  File has been updated.
#  Successfully updated.
# variable set hash-table stats:
# Load=0/32=0%, Rehash=0, Collisions=0/0=0%

# Not a target:
utaxi/GetRequest.hpp:
#  Implicit rule search has been done.
#  Last modified 2022-06-19 15:40:34
#  File has been updated.
#  Successfully updated.
# variable set hash-table stats:
# Load=0/32=0%, Rehash=0, Collisions=0/0=0%

# Not a target:
utaxi/Passenger.cpp:
#  Implicit rule search has been done.
#  Last modified 2022-05-24 14:20:16
#  File has been updated.
#  Successfully updated.
# variable set hash-table stats:
# Load=0/32=0%, Rehash=0, Collisions=0/0=0%

# Not a target:
utaxi/PostRequest.hpp:
#  Implicit rule search has been done.
#  Last modified 2022-06-19 15:42:06
#  File has been updated.
#  Successfully updated.
# variable set hash-table stats:
# Load=0/32=0%, Rehash=0, Collisions=0/0=0%

# Not a target:
utaxi/IOHandler.cpp:
#  Implicit rule search has been done.
#  Last modified 2022-06-19 15:41:22
#  File has been updated.
#  Successfully updated.
# variable set hash-table stats:
# Load=0/32=0%, Rehash=0, Collisions=0/0=0%

# Not a target:
utaxi/Location.cpp:
#  Implicit rule search has been done.
#  Last modified 2022-05-29 02:01:56
#  File has been updated.
#  Successfully updated.
# variable set hash-table stats:
# Load=0/32=0%, Rehash=0, Collisions=0/0=0%

# Not a target:
utaxi/ErrorsMap.hpp:
#  Implicit rule search has been done.
#  Last modified 2022-06-19 15:03:23
#  File has been updated.
#  Successfully updated.
 
# variable set hash-table stats:
# Load=0/32=0%, Rehash=0, Collisions=0/0=0%

# Not a target:
utils/template_parser.hpp:
#  Implicit rule search has been done.
#  Last modified 2019-05-26 08:06:08
#  File has been updated.
#  Successfully updated.
# variable set hash-table stats:
# Load=0/32=0%, Rehash=0, Collisions=0/0=0%

build/Database.o: utaxi/Database.hpp utaxi/User.hpp utaxi/Location.hpp utaxi/Trip.hpp utaxi/Database.cpp
#  Implicit rule search has not been done.
#  Last modified 2022-06-19 15:58:39
#  File has been updated.
#  Successfully updated.
# variable set hash-table stats:
# Load=0/32=0%, Rehash=0, Collisions=0/0=0%
#  commands to execute (from `makefile', line 37):
	$(CC) $(CF) -c utaxi/Database.cpp -o $(BUILD_DIR)/Database.o
	

build/server.o: server/server.cpp server/server.hpp server/route.hpp utils/utilities.hpp utils/response.hpp utils/request.hpp utils/include.hpp utils/template_parser.hpp utils/template_parser.cpp
#  Implicit rule search has not been done.
#  Last modified 2022-06-15 15:25:48
#  File has been updated.
#  Successfully updated.
# variable set hash-table stats:
# Load=0/32=0%, Rehash=0, Collisions=0/0=0%
#  commands to execute (from `makefile', line 25):
	$(CC) $(CF) -c server/server.cpp -o $(BUILD_DIR)/server.o
	

build/Location.o: utaxi/Location.hpp utaxi/Location.cpp
#  Implicit rule search has not been done.
#  Last modified 2022-06-15 15:25:45
#  File has been updated.
#  Successfully updated.
# variable set hash-table stats:
# Load=0/32=0%, Rehash=0, Collisions=0/0=0%
#  commands to execute (from `makefile', line 55):
	$(CC) $(CF) -c utaxi/Location.cpp -o $(BUILD_DIR)/Location.o
	

# Not a target:
utaxi/Passenger.hpp:
#  Implicit rule search has been done.
#  Last modified 2022-05-22 01:14:16
#  File has been updated.
#  Successfully updated.
# variable set hash-table stats:
# Load=0/32=0%, Rehash=0, Collisions=0/0=0%

build/Error.o: utaxi/Error.hpp utaxi/Error.cpp
#  Implicit rule search has not been done.
#  Last modified 2022-06-15 15:25:44
#  File has been updated.
#  Successfully updated.
# variable set hash-table stats:
# Load=0/32=0%, Rehash=0, Collisions=0/0=0%
#  commands to execute (from `makefile', line 46):
	$(CC) $(CF) -c utaxi/Error.cpp -o $(BUILD_DIR)/Error.o
	

# files hash-table stats:
# Load=72/1024=7%, Rehash=0, Collisions=8/205=4%
# VPATH Search Paths

# No `vpath' search paths.

# No general (`VPATH' variable) search path.

# # of strings in strcache: 1
# # of strcache buffers: 1
# strcache size: total = 4096 / max = 4096 / min = 4096 / avg = 4096
# strcache free: total = 4087 / max = 4087 / min = 4087 / avg = 4087

# Finished Make data base on Sun Jun 19 16:45:40 2022

 
